<?xml version="1.0" encoding="UTF-8"?>
<testng-results ignored="0" total="1" passed="1" failed="0" skipped="0">
  <reporter-output>
  </reporter-output>
  <suite started-at="2026-04-02T02:52:17 IST" name="Surefire suite" finished-at="2026-04-02T02:52:20 IST" duration-ms="2566">
    <groups>
    </groups>
    <test started-at="2026-04-02T02:52:17 IST" name="Surefire test" finished-at="2026-04-02T02:52:20 IST" duration-ms="2566">
      <class name="com.demo.automation.tests.GoogleTest">
        <test-method is-config="true" signature="setUp()[pri:0, instance:com.demo.automation.tests.GoogleTest@2ea6137]" started-at="2026-04-02T02:52:17 IST" name="setUp" finished-at="2026-04-02T02:52:19 IST" duration-ms="1859" status="PASS">
          <reporter-output>
          </reporter-output>
        </test-method> <!-- setUp -->
        <test-method signature="verifyTitle()[pri:0, instance:com.demo.automation.tests.GoogleTest@2ea6137]" started-at="2026-04-02T02:52:19 IST" name="verifyTitle" finished-at="2026-04-02T02:52:20 IST" duration-ms="556" status="PASS">
          <reporter-output>
          </reporter-output>
        </test-method> <!-- verifyTitle -->
        <test-method is-config="true" signature="tearDown()[pri:0, instance:com.demo.automation.tests.GoogleTest@2ea6137]" started-at="2026-04-02T02:52:20 IST" name="tearDown" finished-at="2026-04-02T02:52:20 IST" duration-ms="134" status="PASS">
          <reporter-output>
          </reporter-output>
        </test-method> <!-- tearDown -->
      </class> <!-- com.demo.automation.tests.GoogleTest -->
    </test> <!-- Surefire test -->
  </suite> <!-- Surefire suite -->
</testng-results>
