<?xml version="1.0" encoding="UTF-8"?>
<testng-results ignored="0" total="1" passed="1" failed="0" skipped="0">
  <reporter-output>
  </reporter-output>
  <suite started-at="2026-04-04T00:31:33 IST" name="Surefire suite" finished-at="2026-04-04T00:31:35 IST" duration-ms="2058">
    <groups>
    </groups>
    <test started-at="2026-04-04T00:31:33 IST" name="Surefire test" finished-at="2026-04-04T00:31:35 IST" duration-ms="2058">
      <class name="com.demo.automation.tests.GoogleTest">
        <test-method is-config="true" signature="setUp()[pri:0, instance:com.demo.automation.tests.GoogleTest@3b2c72c2]" started-at="2026-04-04T00:31:33 IST" name="setUp" finished-at="2026-04-04T00:31:35 IST" duration-ms="1496" status="PASS">
          <reporter-output>
          </reporter-output>
        </test-method> <!-- setUp -->
        <test-method signature="verifyTitle()[pri:0, instance:com.demo.automation.tests.GoogleTest@3b2c72c2]" started-at="2026-04-04T00:31:35 IST" name="verifyTitle" finished-at="2026-04-04T00:31:35 IST" duration-ms="464" status="PASS">
          <reporter-output>
          </reporter-output>
        </test-method> <!-- verifyTitle -->
        <test-method is-config="true" signature="tearDown()[pri:0, instance:com.demo.automation.tests.GoogleTest@3b2c72c2]" started-at="2026-04-04T00:31:35 IST" name="tearDown" finished-at="2026-04-04T00:31:35 IST" duration-ms="87" status="PASS">
          <reporter-output>
          </reporter-output>
        </test-method> <!-- tearDown -->
      </class> <!-- com.demo.automation.tests.GoogleTest -->
    </test> <!-- Surefire test -->
  </suite> <!-- Surefire suite -->
</testng-results>
